<?xml version="1.0" encoding="UTF-8"?>
<!-- Generated by org.testng.reporters.JUnitReportReporter -->
<testsuite hostname="DESKTOP-VDQN2TJ" failures="0" tests="2" name="runner.RunCuke" time="38.405" errors="0" timestamp="2025-10-21T15:36:53 IST" skipped="0">
  <testcase classname="runner.RunCuke" name="runScenario" time="10.050"/>
  <testcase classname="runner.RunCuke" name="runScenario" time="28.355"/>
</testsuite> <!-- runner.RunCuke -->
