<?xml version="1.0" encoding="UTF-8"?>
<!-- Generated by org.testng.reporters.JUnitReportReporter -->
<testsuite hostname="DESKTOP-VDQN2TJ" failures="0" tests="2" name="runner.RunCuke" time="38.173" errors="0" timestamp="2025-10-21T17:06:45 IST" skipped="0">
  <testcase classname="runner.RunCuke" name="runScenario" time="27.486"/>
  <system-out/>
  <testcase classname="runner.RunCuke" name="runScenario" time="10.687"/>
  <system-out/>
</testsuite> <!-- runner.RunCuke -->
