<?xml version="1.0" encoding="UTF-8"?>
<!-- Generated by org.testng.reporters.JUnitReportReporter -->
<testsuite hostname="DESKTOP-VDQN2TJ" failures="0" tests="2" name="runner.RunCuke" time="59.530" errors="0" timestamp="2025-10-21T16:54:50 IST" skipped="0">
  <testcase classname="runner.RunCuke" name="runScenario" time="12.806"/>
  <system-out/>
  <testcase classname="runner.RunCuke" name="runScenario" time="46.724"/>
  <system-out/>
</testsuite> <!-- runner.RunCuke -->
